<?xml version="1.0" encoding="UTF-8"?>
<!-- Generated by org.testng.reporters.JUnitReportReporter -->
<testsuite hostname="DESKTOP-T4MFR2V" failures="0" tests="1" name="orangeHrm.testscripts.LoginPage" time="6.728" errors="0" timestamp="29 May 2023 11:23:55 GMT" skipped="0">
  <testcase classname="orangeHrm.testscripts.LoginPage" name="login" time="6.728"/>
</testsuite> <!-- orangeHrm.testscripts.LoginPage -->
