<?xml version="1.0" encoding="UTF-8"?>
<!-- Generated by org.testng.reporters.JUnitReportReporter -->
<testsuite hostname="DESKTOP-T4MFR2V" failures="0" tests="1" name="orangeHrm.testscripts.PageFactoryLoginTestScripts" time="6.941" errors="0" timestamp="29 May 2023 11:51:56 GMT" skipped="0">
  <testcase classname="orangeHrm.testscripts.PageFactoryLoginTestScripts" name="loginTest" time="6.941"/>
</testsuite> <!-- orangeHrm.testscripts.PageFactoryLoginTestScripts -->
